
Showing logs for build [32mcb-kubecd-environment-pr-115-4-59mm4-1[0m stage [32mfrom-build-pack[0m and container [32mstep-credential-initializer-x2lqq[0m
{"level":"warn","ts":1576802424.7893202,"logger":"fallback-logger","caller":"logging/config.go:69","msg":"Fetch GitHub commit ID from kodata failed: \"ref: refs/heads/master\" is not a valid GitHub commit ID"}
{"level":"info","ts":1576802424.79024,"logger":"fallback-logger","caller":"creds-init/main.go:40","msg":"Credentials initialized."}

Showing logs for build [32mcb-kubecd-environment-pr-115-4-59mm4-1[0m stage [32mfrom-build-pack[0m and container [32mstep-working-dir-initializer-gjk99[0m
{"level":"warn","ts":1576802425.2959473,"logger":"fallback-logger","caller":"logging/config.go:69","msg":"Fetch GitHub commit ID from kodata failed: open /var/run/ko/HEAD: no such file or directory"}
{"level":"info","ts":1576802425.2978861,"logger":"fallback-logger","caller":"bash/main.go:65","msg":"Successfully executed command \"mkdir -p /workspace/source\""}

Showing logs for build [32mcb-kubecd-environment-pr-115-4-59mm4-1[0m stage [32mfrom-build-pack[0m and container [32mstep-place-tools[0m

Showing logs for build [32mcb-kubecd-environment-pr-115-4-59mm4-1[0m stage [32mfrom-build-pack[0m and container [32mstep-git-source-cb-kubecd-environment-pr-115-4-xjsct[0m
{"level":"warn","ts":1576802430.3587902,"logger":"fallback-logger","caller":"logging/config.go:69","msg":"Fetch GitHub commit ID from kodata failed: \"ref: refs/heads/master\" is not a valid GitHub commit ID"}
{"level":"info","ts":1576802431.4834523,"logger":"fallback-logger","caller":"git/git.go:102","msg":"Successfully cloned https://github.com/cb-kubecd/environment-pr-115-4-boot-gke-production.git @ master in path /workspace/source"}

Showing logs for build [32mcb-kubecd-environment-pr-115-4-59mm4-1[0m stage [32mfrom-build-pack[0m and container [32mstep-git-merge[0m
Using SHAs from PULL_REFS=master:412d7f07ef3df7abd70b0e19289fd60fd628d478,1:570592ac7b209e9dab382bd5ce5ebd74f70a7309
DEBUG: ran git fetch --unshallow origin 570592ac7b209e9dab382bd5ce5ebd74f70a7309: 412d7f07ef3df7abd70b0e19289fd60fd628d478: in 
DEBUG: ran git checkout master in 
DEBUG: ran git reset --hard 412d7f07ef3df7abd70b0e19289fd60fd628d478 in 
DEBUG: ran clean --force -d . in 
DEBUG: ran git merge 570592ac7b209e9dab382bd5ce5ebd74f70a7309 in 
Merged SHA 570592ac7b209e9dab382bd5ce5ebd74f70a7309 with commit message 'chore: Promote bdd-spring-1576801635 to version 0.0.1' into base branch master

Showing logs for build [32mcb-kubecd-environment-pr-115-4-59mm4-1[0m stage [32mfrom-build-pack[0m and container [32mstep-build-helm-build[0m
WARNING: No $CHART_REPOSITORY defined so using the default value of: http://jenkins-x-chartmuseum:8080
Adding missing Helm repo: storage.googleapis.com https://storage.googleapis.com/chartmuseum.jenkins-x.io
WARNING: No secrets found on "helm/repos" due: reading the secret "helm/repos" from vault: no secret "helm/repos" not found in vault
Read credentials for https://storage.googleapis.com/chartmuseum.jenkins-x.io from vault helm/repos
Successfully added Helm repository storage.googleapis.com.
Adding missing Helm repo: jenkins-x-chartmuseum http://jenkins-x-chartmuseum:8080
WARNING: No secrets found on "helm/repos" due: reading the secret "helm/repos" from vault: no secret "helm/repos" not found in vault
Read credentials for http://jenkins-x-chartmuseum:8080 from vault helm/repos
Successfully added Helm repository jenkins-x-chartmuseum.
WARNING: No $CHART_REPOSITORY defined so using the default value of: http://jenkins-x-chartmuseum:8080
Adding missing Helm repo: chartmuseum.jenkins-x.io http://chartmuseum.jenkins-x.io
WARNING: No secrets found on "helm/repos" due: reading the secret "helm/repos" from vault: no secret "helm/repos" not found in vault
Read credentials for http://chartmuseum.jenkins-x.io from vault helm/repos
Successfully added Helm repository chartmuseum.jenkins-x.io.
